16:09:45.876 [restartedMain] INFO  net.sh.rgface.RgfaceApplication - Starting RgfaceApplication on DESKTOP-90LDSD6 with PID 6044 (C:\Users\DESTINY\IdeaProjects\rgface\target\classes started by DESTINY in C:\Users\DESTINY\IdeaProjects\rgface)
16:09:45.877 [restartedMain] INFO  net.sh.rgface.RgfaceApplication - The following profiles are active: dev
16:09:45.922 [restartedMain] INFO  o.s.b.w.s.c.AnnotationConfigServletWebServerApplicationContext - Refreshing org.springframework.boot.web.servlet.context.AnnotationConfigServletWebServerApplicationContext@1ce07fd: startup date [Tue Jul 03 16:09:45 CST 2018]; root of context hierarchy
16:09:46.935 [restartedMain] INFO  o.s.d.r.c.RepositoryConfigurationDelegate - Multiple Spring Data modules found, entering strict repository configuration mode!
16:09:47.025 [restartedMain] INFO  o.s.d.r.c.RepositoryConfigurationExtensionSupport - Spring Data Elasticsearch - Could not safely identify store assignment for repository candidate interface net.sh.rgface.repository.AccountInfoRepository.
16:09:47.028 [restartedMain] INFO  o.s.d.r.c.RepositoryConfigurationExtensionSupport - Spring Data Elasticsearch - Could not safely identify store assignment for repository candidate interface net.sh.rgface.repository.AccountRepository.
16:09:47.030 [restartedMain] INFO  o.s.d.r.c.RepositoryConfigurationExtensionSupport - Spring Data Elasticsearch - Could not safely identify store assignment for repository candidate interface net.sh.rgface.repository.DeviceRepository.
16:09:47.031 [restartedMain] INFO  o.s.d.r.c.RepositoryConfigurationExtensionSupport - Spring Data Elasticsearch - Could not safely identify store assignment for repository candidate interface net.sh.rgface.repository.EnvironmentImgRepository.
16:09:47.034 [restartedMain] INFO  o.s.d.r.c.RepositoryConfigurationExtensionSupport - Spring Data Elasticsearch - Could not safely identify store assignment for repository candidate interface net.sh.rgface.repository.FaceRepository.
16:09:47.036 [restartedMain] INFO  o.s.d.r.c.RepositoryConfigurationExtensionSupport - Spring Data Elasticsearch - Could not safely identify store assignment for repository candidate interface net.sh.rgface.repository.FaceReviewRepository.
16:09:47.037 [restartedMain] INFO  o.s.d.r.c.RepositoryConfigurationExtensionSupport - Spring Data Elasticsearch - Could not safely identify store assignment for repository candidate interface net.sh.rgface.repository.FileRepository.
16:09:47.039 [restartedMain] INFO  o.s.d.r.c.RepositoryConfigurationExtensionSupport - Spring Data Elasticsearch - Could not safely identify store assignment for repository candidate interface net.sh.rgface.repository.PersonnelCountRepository.
16:09:47.041 [restartedMain] INFO  o.s.d.r.c.RepositoryConfigurationExtensionSupport - Spring Data Elasticsearch - Could not safely identify store assignment for repository candidate interface net.sh.rgface.repository.PersonnelRepository.
16:09:47.043 [restartedMain] INFO  o.s.d.r.c.RepositoryConfigurationExtensionSupport - Spring Data Elasticsearch - Could not safely identify store assignment for repository candidate interface net.sh.rgface.repository.RecordingRepository.
16:09:47.044 [restartedMain] INFO  o.s.d.r.c.RepositoryConfigurationExtensionSupport - Spring Data Elasticsearch - Could not safely identify store assignment for repository candidate interface net.sh.rgface.repository.RequestLogRepository.
16:09:47.046 [restartedMain] INFO  o.s.d.r.c.RepositoryConfigurationExtensionSupport - Spring Data Elasticsearch - Could not safely identify store assignment for repository candidate interface net.sh.rgface.repository.SystemParamRepository.
16:09:47.052 [restartedMain] INFO  o.s.d.r.c.RepositoryConfigurationDelegate - Multiple Spring Data modules found, entering strict repository configuration mode!
16:09:47.201 [restartedMain] INFO  o.s.d.r.c.RepositoryConfigurationDelegate - Multiple Spring Data modules found, entering strict repository configuration mode!
16:09:47.276 [restartedMain] INFO  o.s.d.r.c.RepositoryConfigurationExtensionSupport - Spring Data Redis - Could not safely identify store assignment for repository candidate interface net.sh.rgface.repository.AccountInfoRepository.
16:09:47.277 [restartedMain] INFO  o.s.d.r.c.RepositoryConfigurationExtensionSupport - Spring Data Redis - Could not safely identify store assignment for repository candidate interface net.sh.rgface.repository.AccountRepository.
16:09:47.277 [restartedMain] INFO  o.s.d.r.c.RepositoryConfigurationExtensionSupport - Spring Data Redis - Could not safely identify store assignment for repository candidate interface net.sh.rgface.repository.DeviceRepository.
16:09:47.277 [restartedMain] INFO  o.s.d.r.c.RepositoryConfigurationExtensionSupport - Spring Data Redis - Could not safely identify store assignment for repository candidate interface net.sh.rgface.repository.EnvironmentImgRepository.
16:09:47.277 [restartedMain] INFO  o.s.d.r.c.RepositoryConfigurationExtensionSupport - Spring Data Redis - Could not safely identify store assignment for repository candidate interface net.sh.rgface.repository.FaceRepository.
16:09:47.277 [restartedMain] INFO  o.s.d.r.c.RepositoryConfigurationExtensionSupport - Spring Data Redis - Could not safely identify store assignment for repository candidate interface net.sh.rgface.repository.FaceReviewRepository.
16:09:47.278 [restartedMain] INFO  o.s.d.r.c.RepositoryConfigurationExtensionSupport - Spring Data Redis - Could not safely identify store assignment for repository candidate interface net.sh.rgface.repository.FileRepository.
16:09:47.278 [restartedMain] INFO  o.s.d.r.c.RepositoryConfigurationExtensionSupport - Spring Data Redis - Could not safely identify store assignment for repository candidate interface net.sh.rgface.repository.PersonnelCountRepository.
16:09:47.278 [restartedMain] INFO  o.s.d.r.c.RepositoryConfigurationExtensionSupport - Spring Data Redis - Could not safely identify store assignment for repository candidate interface net.sh.rgface.repository.PersonnelRepository.
16:09:47.278 [restartedMain] INFO  o.s.d.r.c.RepositoryConfigurationExtensionSupport - Spring Data Redis - Could not safely identify store assignment for repository candidate interface net.sh.rgface.repository.RecordingRepository.
16:09:47.278 [restartedMain] INFO  o.s.d.r.c.RepositoryConfigurationExtensionSupport - Spring Data Redis - Could not safely identify store assignment for repository candidate interface net.sh.rgface.repository.RequestLogRepository.
16:09:47.279 [restartedMain] INFO  o.s.d.r.c.RepositoryConfigurationExtensionSupport - Spring Data Redis - Could not safely identify store assignment for repository candidate interface net.sh.rgface.repository.SystemParamRepository.
16:09:47.842 [restartedMain] INFO  o.s.c.s.PostProcessorRegistrationDelegate$BeanPostProcessorChecker - Bean 'org.springframework.transaction.annotation.ProxyTransactionManagementConfiguration' of type [org.springframework.transaction.annotation.ProxyTransactionManagementConfiguration$$EnhancerBySpringCGLIB$$2e028ccd] is not eligible for getting processed by all BeanPostProcessors (for example: not eligible for auto-proxying)
16:09:48.018 [restartedMain] INFO  o.s.c.s.PostProcessorRegistrationDelegate$BeanPostProcessorChecker - Bean 'redisConfig' of type [net.sh.rgface.config.RedisConfig$$EnhancerBySpringCGLIB$$eac28d57] is not eligible for getting processed by all BeanPostProcessors (for example: not eligible for auto-proxying)
16:09:48.036 [restartedMain] INFO  o.s.c.s.PostProcessorRegistrationDelegate$BeanPostProcessorChecker - Bean 'keyGenerator' of type [net.sh.rgface.config.RedisConfig$1] is not eligible for getting processed by all BeanPostProcessors (for example: not eligible for auto-proxying)
16:09:48.038 [restartedMain] INFO  o.s.c.s.PostProcessorRegistrationDelegate$BeanPostProcessorChecker - Bean 'org.springframework.cache.annotation.ProxyCachingConfiguration' of type [org.springframework.cache.annotation.ProxyCachingConfiguration$$EnhancerBySpringCGLIB$$7714c2eb] is not eligible for getting processed by all BeanPostProcessors (for example: not eligible for auto-proxying)
16:09:48.400 [restartedMain] WARN  o.a.c.core.AprLifecycleListener - The APR based Apache Tomcat Native library failed to load. The error reported was [F:\apache-tomcat-8.5.31\bin\tcnative-1.dll: Can't load AMD 64-bit .dll on a IA 32-bit platform]
java.lang.UnsatisfiedLinkError: F:\apache-tomcat-8.5.31\bin\tcnative-1.dll: Can't load AMD 64-bit .dll on a IA 32-bit platform
	at java.lang.ClassLoader$NativeLibrary.load(Native Method)
	at java.lang.ClassLoader.loadLibrary0(ClassLoader.java:1941)
	at java.lang.ClassLoader.loadLibrary(ClassLoader.java:1857)
	at java.lang.Runtime.loadLibrary0(Runtime.java:870)
	at java.lang.System.loadLibrary(System.java:1122)
	at org.apache.tomcat.jni.Library.<init>(Library.java:42)
	at org.apache.tomcat.jni.Library.initialize(Library.java:178)
	at org.apache.catalina.core.AprLifecycleListener.init(AprLifecycleListener.java:198)
	at org.apache.catalina.core.AprLifecycleListener.isAprAvailable(AprLifecycleListener.java:107)
	at org.apache.catalina.connector.Connector.setProtocol(Connector.java:582)
	at org.apache.catalina.connector.Connector.<init>(Connector.java:74)
	at org.springframework.boot.web.embedded.tomcat.TomcatServletWebServerFactory.getWebServer(TomcatServletWebServerFactory.java:166)
	at org.springframework.boot.web.servlet.context.ServletWebServerApplicationContext.createWebServer(ServletWebServerApplicationContext.java:179)
	at org.springframework.boot.web.servlet.context.ServletWebServerApplicationContext.onRefresh(ServletWebServerApplicationContext.java:152)
	at org.springframework.context.support.AbstractApplicationContext.refresh(AbstractApplicationContext.java:543)
	at org.springframework.boot.web.servlet.context.ServletWebServerApplicationContext.refresh(ServletWebServerApplicationContext.java:140)
	at org.springframework.boot.SpringApplication.refresh(SpringApplication.java:752)
	at org.springframework.boot.SpringApplication.refreshContext(SpringApplication.java:388)
	at org.springframework.boot.SpringApplication.run(SpringApplication.java:327)
	at org.springframework.boot.SpringApplication.run(SpringApplication.java:1246)
	at org.springframework.boot.SpringApplication.run(SpringApplication.java:1234)
	at net.sh.rgface.RgfaceApplication.main(RgfaceApplication.java:27)
	at sun.reflect.NativeMethodAccessorImpl.invoke0(Native Method)
	at sun.reflect.NativeMethodAccessorImpl.invoke(NativeMethodAccessorImpl.java:62)
	at sun.reflect.DelegatingMethodAccessorImpl.invoke(DelegatingMethodAccessorImpl.java:43)
	at java.lang.reflect.Method.invoke(Method.java:498)
	at org.springframework.boot.devtools.restart.RestartLauncher.run(RestartLauncher.java:49)
16:09:48.675 [restartedMain] INFO  o.s.b.w.e.tomcat.TomcatWebServer - Tomcat initialized with port(s): 8001 (http)
16:09:48.698 [restartedMain] INFO  o.a.coyote.http11.Http11NioProtocol - Initializing ProtocolHandler ["http-nio-8001"]
16:09:48.711 [restartedMain] INFO  o.a.catalina.core.StandardService - Starting service [Tomcat]
16:09:48.712 [restartedMain] INFO  o.a.catalina.core.StandardEngine - Starting Servlet Engine: Apache Tomcat/8.5.28
16:09:48.921 [localhost-startStop-1] INFO  o.a.c.c.C.[Tomcat].[localhost].[/] - Initializing Spring embedded WebApplicationContext
16:09:48.922 [localhost-startStop-1] INFO  o.s.web.context.ContextLoader - Root WebApplicationContext: initialization completed in 3000 ms
16:09:49.146 [localhost-startStop-1] INFO  o.s.b.w.s.ServletRegistrationBean - Servlet dispatcherServlet mapped to [/]
16:09:49.151 [localhost-startStop-1] INFO  o.s.b.w.s.FilterRegistrationBean - Mapping filter: 'characterEncodingFilter' to: [/*]
16:09:49.171 [localhost-startStop-1] INFO  n.s.r.config.ApplicationInitRunner -  ------------- Init Success 初始化成功
16:09:49.172 [localhost-startStop-1] ERROR n.s.r.config.ApplicationInitRunner -  ------------- Init Success 初始化成功
16:09:50.016 [restartedMain] INFO  com.zaxxer.hikari.HikariDataSource - HikariPool-1 - Starting...
16:09:50.137 [restartedMain] INFO  com.zaxxer.hikari.HikariDataSource - HikariPool-1 - Start completed.
16:09:50.242 [restartedMain] INFO  o.s.o.j.LocalContainerEntityManagerFactoryBean - Building JPA container EntityManagerFactory for persistence unit 'default'
16:09:50.260 [restartedMain] INFO  o.h.jpa.internal.util.LogHelper - HHH000204: Processing PersistenceUnitInfo [
	name: default
	...]
16:09:50.337 [restartedMain] INFO  org.hibernate.Version - HHH000412: Hibernate Core {5.2.14.Final}
16:09:50.340 [restartedMain] INFO  org.hibernate.cfg.Environment - HHH000206: hibernate.properties not found
16:09:50.380 [restartedMain] INFO  o.h.annotations.common.Version - HCANN000001: Hibernate Commons Annotations {5.0.1.Final}
16:09:50.673 [restartedMain] INFO  org.hibernate.dialect.Dialect - HHH000400: Using dialect: org.hibernate.dialect.MySQL5Dialect
16:09:51.287 [restartedMain] INFO  o.s.o.j.LocalContainerEntityManagerFactoryBean - Initialized JPA EntityManagerFactory for persistence unit 'default'
16:09:53.489 [restartedMain] INFO  i.s.client.AbstractJestClient - Setting server pool to a list of 1 servers: [http://192.168.2.121:9200]
16:09:53.492 [restartedMain] INFO  i.searchbox.client.JestClientFactory - Using multi thread/connection supporting pooling connection manager
16:09:53.570 [restartedMain] INFO  i.searchbox.client.JestClientFactory - Using custom GSON instance
16:09:53.570 [restartedMain] INFO  i.searchbox.client.JestClientFactory - Node Discovery disabled...
16:09:53.572 [restartedMain] INFO  i.searchbox.client.JestClientFactory - Idle connection reaping disabled...
16:09:54.042 [restartedMain] INFO  o.s.w.s.m.m.a.RequestMappingHandlerMapping - Mapped "{[/api/admin/account/setAdminAccountStartUpOrDisabled],methods=[POST]}" onto public net.sh.rgface.po.base.ResultPo net.sh.rgface.controller.admin.AdminAccountController.setAdminAccountStartUpOrDisabled(net.sh.rgface.vo.BaseVo,javax.servlet.http.HttpSession) throws net.sh.rgface.exception.ControllerException
16:09:54.044 [restartedMain] INFO  o.s.w.s.m.m.a.RequestMappingHandlerMapping - Mapped "{[/api/admin/account/updateAdminAccountPassword],methods=[POST]}" onto public net.sh.rgface.po.base.ResultPo net.sh.rgface.controller.admin.AdminAccountController.updateAdminAccountPassword(net.sh.rgface.vo.admin.account.AdminUpdatePasswordVo,org.springframework.validation.BindingResult,javax.servlet.http.HttpSession) throws net.sh.rgface.exception.ControllerException
16:09:54.044 [restartedMain] INFO  o.s.w.s.m.m.a.RequestMappingHandlerMapping - Mapped "{[/api/admin/account/getAdminAccountList],methods=[POST]}" onto public net.sh.rgface.po.base.BasePagingListPo net.sh.rgface.controller.admin.AdminAccountController.getAdminAccountList(java.lang.String,java.lang.String,java.lang.String,java.lang.String,java.lang.String,java.lang.String,java.lang.String,javax.servlet.http.HttpSession) throws net.sh.rgface.exception.ControllerException
16:09:54.045 [restartedMain] INFO  o.s.w.s.m.m.a.RequestMappingHandlerMapping - Mapped "{[/api/admin/account/getAdminAccountMessage],methods=[POST]}" onto public net.sh.rgface.po.base.ResultPo net.sh.rgface.controller.admin.AdminAccountController.getAdminAccountMessage(javax.servlet.http.HttpSession) throws net.sh.rgface.exception.ControllerException
16:09:54.045 [restartedMain] INFO  o.s.w.s.m.m.a.RequestMappingHandlerMapping - Mapped "{[/api/admin/account/getAdminAccountInfo],methods=[POST]}" onto public net.sh.rgface.po.base.ResultPo net.sh.rgface.controller.admin.AdminAccountController.getAdminAccountInfo(javax.servlet.http.HttpSession) throws net.sh.rgface.exception.ControllerException
16:09:54.046 [restartedMain] INFO  o.s.w.s.m.m.a.RequestMappingHandlerMapping - Mapped "{[/api/admin/account/adminAuthorityManager],methods=[POST]}" onto public net.sh.rgface.po.base.ResultPo net.sh.rgface.controller.admin.AdminAccountController.adminAuthorityManager(net.sh.rgface.vo.BaseVo,javax.servlet.http.HttpSession) throws net.sh.rgface.exception.ControllerException
16:09:54.047 [restartedMain] INFO  o.s.w.s.m.m.a.RequestMappingHandlerMapping - Mapped "{[/api/admin/account/updateAdminAccountInfo],methods=[POST]}" onto public net.sh.rgface.po.base.ResultPo net.sh.rgface.controller.admin.AdminAccountController.updateAdminAccountInfo(net.sh.rgface.vo.admin.account.AdminUpdateAccountInfoVo,org.springframework.validation.BindingResult,javax.servlet.http.HttpSession) throws net.sh.rgface.exception.ControllerException
16:09:54.047 [restartedMain] INFO  o.s.w.s.m.m.a.RequestMappingHandlerMapping - Mapped "{[/api/admin/account/logout],methods=[POST]}" onto public net.sh.rgface.po.base.ResultPo net.sh.rgface.controller.admin.AdminAccountController.logout(javax.servlet.http.HttpSession)
16:09:54.047 [restartedMain] INFO  o.s.w.s.m.m.a.RequestMappingHandlerMapping - Mapped "{[/api/admin/account/login],methods=[POST]}" onto public net.sh.rgface.po.base.ResultPo net.sh.rgface.controller.admin.AdminAccountController.login(net.sh.rgface.vo.admin.account.AdminLoginVo,org.springframework.validation.BindingResult,javax.servlet.http.HttpSession,javax.servlet.http.HttpServletRequest) throws net.sh.rgface.exception.ControllerException
16:09:54.047 [restartedMain] INFO  o.s.w.s.m.m.a.RequestMappingHandlerMapping - Mapped "{[/api/admin/account/addAccount],methods=[POST]}" onto public net.sh.rgface.po.base.ResultPo net.sh.rgface.controller.admin.AdminAccountController.addAccount(net.sh.rgface.vo.admin.account.AddAccountVo,org.springframework.validation.BindingResult,javax.servlet.http.HttpServletRequest,javax.servlet.http.HttpSession) throws net.sh.rgface.exception.ControllerException
16:09:54.049 [restartedMain] INFO  o.s.w.s.m.m.a.RequestMappingHandlerMapping - Mapped "{[/api/admin/device/updateDeviceParam],methods=[POST]}" onto public net.sh.rgface.po.base.ResultPo net.sh.rgface.controller.admin.AdminDeviceController.updateDeviceParam(net.sh.rgface.vo.admin.device.UpdateDeviceStatusVo) throws net.sh.rgface.exception.ControllerException
16:09:54.049 [restartedMain] INFO  o.s.w.s.m.m.a.RequestMappingHandlerMapping - Mapped "{[/api/admin/device/addDevice],methods=[POST]}" onto public net.sh.rgface.po.base.ResultPo net.sh.rgface.controller.admin.AdminDeviceController.addDevice(net.sh.rgface.vo.admin.device.DeviceVo,org.springframework.validation.BindingResult,javax.servlet.http.HttpSession) throws net.sh.rgface.exception.ControllerException
16:09:54.049 [restartedMain] INFO  o.s.w.s.m.m.a.RequestMappingHandlerMapping - Mapped "{[/api/admin/device/updateDeviceStatus],methods=[POST]}" onto public net.sh.rgface.po.base.ResultPo net.sh.rgface.controller.admin.AdminDeviceController.updateDevice(net.sh.rgface.vo.BaseVo) throws net.sh.rgface.exception.ControllerException
16:09:54.052 [restartedMain] INFO  o.s.w.s.m.m.a.RequestMappingHandlerMapping - Mapped "{[/api/admin/device/updateDevice],methods=[POST]}" onto public net.sh.rgface.po.base.ResultPo net.sh.rgface.controller.admin.AdminDeviceController.updateDevice(net.sh.rgface.vo.admin.device.DeviceVo,org.springframework.validation.BindingResult) throws net.sh.rgface.exception.ControllerException
16:09:54.053 [restartedMain] INFO  o.s.w.s.m.m.a.RequestMappingHandlerMapping - Mapped "{[/api/admin/device/getDeviceList],methods=[POST]}" onto public net.sh.rgface.po.base.BasePagingListPo net.sh.rgface.controller.admin.AdminDeviceController.getDeviceList(java.lang.String,java.lang.String,java.lang.String,java.lang.String,java.lang.String,java.lang.String,javax.servlet.http.HttpSession) throws net.sh.rgface.exception.ControllerException
16:09:54.056 [restartedMain] INFO  o.s.w.s.m.m.a.RequestMappingHandlerMapping - Mapped "{[/api/admin/excel/getPersonnelExcel],methods=[GET]}" onto public void net.sh.rgface.controller.admin.AdminExcelController.getPersonnelExcel(javax.servlet.http.HttpServletResponse) throws net.sh.rgface.exception.ControllerException
16:09:54.056 [restartedMain] INFO  o.s.w.s.m.m.a.RequestMappingHandlerMapping - Mapped "{[/api/admin/excel/importPersonnelExcel]}" onto public net.sh.rgface.po.base.ResultPo net.sh.rgface.controller.admin.AdminExcelController.importPersonnelExcel(org.springframework.web.multipart.MultipartFile,java.lang.String,javax.servlet.http.HttpServletRequest,javax.servlet.http.HttpSession) throws net.sh.rgface.exception.ControllerException
16:09:54.056 [restartedMain] INFO  o.s.w.s.m.m.a.RequestMappingHandlerMapping - Mapped "{[/api/admin/excel/getExcel],methods=[POST]}" onto public net.sh.rgface.po.base.ResultPo net.sh.rgface.controller.admin.AdminExcelController.getExcel(net.sh.rgface.vo.BaseVo) throws net.sh.rgface.exception.ControllerException
16:09:54.057 [restartedMain] INFO  o.s.w.s.m.m.a.RequestMappingHandlerMapping - Mapped "{[/api/admin/face/getDeviceFaceList],methods=[POST]}" onto public net.sh.rgface.po.base.ResultPo net.sh.rgface.controller.admin.AdminFaceController.getDeviceFaceList(net.sh.rgface.vo.admin.face.AdminFaceListVo,org.springframework.validation.BindingResult) throws net.sh.rgface.exception.ControllerException
16:09:54.058 [restartedMain] INFO  o.s.w.s.m.m.a.RequestMappingHandlerMapping - Mapped "{[/api/admin/face/batchRemoveDeviceFace],methods=[POST]}" onto public net.sh.rgface.po.base.ResultPo net.sh.rgface.controller.admin.AdminFaceController.batchRemoveDeviceFace(net.sh.rgface.vo.admin.face.AdminBatchRemoveFaceVo,org.springframework.validation.BindingResult) throws net.sh.rgface.exception.ControllerException
16:09:54.058 [restartedMain] INFO  o.s.w.s.m.m.a.RequestMappingHandlerMapping - Mapped "{[/api/admin/face/batchCopyToDevice],methods=[POST]}" onto public net.sh.rgface.po.base.ResultPo net.sh.rgface.controller.admin.AdminFaceController.batchCopyToDevice(net.sh.rgface.vo.admin.face.AdminBatchCopyToDeviceVo,org.springframework.validation.BindingResult) throws net.sh.rgface.exception.ControllerException
16:09:54.059 [restartedMain] INFO  o.s.w.s.m.m.a.RequestMappingHandlerMapping - Mapped "{[/api/admin/face/removeDeviceFace],methods=[POST]}" onto public net.sh.rgface.po.base.ResultPo net.sh.rgface.controller.admin.AdminFaceController.removeDeviceFace(net.sh.rgface.vo.admin.face.AdminFaceVo,org.springframework.validation.BindingResult) throws net.sh.rgface.exception.ControllerException
16:09:54.060 [restartedMain] INFO  o.s.w.s.m.m.a.RequestMappingHandlerMapping - Mapped "{[/api/admin/faceReview/getFaceReviewList],methods=[POST]}" onto public net.sh.rgface.po.base.BasePagingListPo net.sh.rgface.controller.admin.AdminFaceReviewController.getFaceReviewList(java.lang.String,java.lang.String,java.lang.String,java.lang.String,java.lang.String,java.lang.String,java.lang.String,javax.servlet.http.HttpSession) throws net.sh.rgface.exception.ControllerException
16:09:54.060 [restartedMain] INFO  o.s.w.s.m.m.a.RequestMappingHandlerMapping - Mapped "{[/api/admin/faceReview/faceReview],methods=[POST]}" onto public net.sh.rgface.po.base.ResultPo net.sh.rgface.controller.admin.AdminFaceReviewController.faceReview(net.sh.rgface.vo.admin.faceReview.FaceReviewVo) throws net.sh.rgface.exception.ControllerException
16:09:54.061 [restartedMain] INFO  o.s.w.s.m.m.a.RequestMappingHandlerMapping - Mapped "{[/api/admin/faceReview/lssuedFace],methods=[POST]}" onto public net.sh.rgface.po.base.ResultPo net.sh.rgface.controller.admin.AdminFaceReviewController.lssuedFace(net.sh.rgface.vo.admin.faceReview.FaceReviewVo) throws net.sh.rgface.exception.ControllerException
16:09:54.061 [restartedMain] INFO  o.s.w.s.m.m.a.RequestMappingHandlerMapping - Mapped "{[/admin/{forward}],methods=[GET]}" onto public java.lang.String net.sh.rgface.controller.admin.AdminMobileController.reveal(java.lang.String)
16:09:54.061 [restartedMain] INFO  o.s.w.s.m.m.a.RequestMappingHandlerMapping - Mapped "{[/admin/],methods=[GET]}" onto public java.lang.String net.sh.rgface.controller.admin.AdminMobileController.faceVideo()
16:09:54.063 [restartedMain] INFO  o.s.w.s.m.m.a.RequestMappingHandlerMapping - Mapped "{[/api/admin/personnel/updatePersonnelFaceRecognition],methods=[POST]}" onto public net.sh.rgface.po.base.ResultPo net.sh.rgface.controller.admin.AdminPersonnelController.updatePersonnelFaceRecognition(net.sh.rgface.vo.BaseVo) throws net.sh.rgface.exception.ControllerException
16:09:54.063 [restartedMain] INFO  o.s.w.s.m.m.a.RequestMappingHandlerMapping - Mapped "{[/api/admin/personnel/updatePersonnelStatus],methods=[POST]}" onto public net.sh.rgface.po.base.ResultPo net.sh.rgface.controller.admin.AdminPersonnelController.updatePersonnelStatus(net.sh.rgface.vo.BaseVo) throws net.sh.rgface.exception.ControllerException
16:09:54.063 [restartedMain] INFO  o.s.w.s.m.m.a.RequestMappingHandlerMapping - Mapped "{[/api/admin/personnel/getPersonnelList],methods=[POST]}" onto public net.sh.rgface.po.base.BasePagingListPo net.sh.rgface.controller.admin.AdminPersonnelController.getPersonnelList(java.lang.String,java.lang.String,java.lang.String,java.lang.String,java.lang.String,java.lang.String,javax.servlet.http.HttpSession) throws net.sh.rgface.exception.ControllerException
16:09:54.063 [restartedMain] INFO  o.s.w.s.m.m.a.RequestMappingHandlerMapping - Mapped "{[/api/admin/personnel/addPersonnel],methods=[POST]}" onto public net.sh.rgface.po.base.ResultPo net.sh.rgface.controller.admin.AdminPersonnelController.addPersonnel(net.sh.rgface.vo.personnel.PersonnelVo,org.springframework.validation.BindingResult,javax.servlet.http.HttpSession) throws net.sh.rgface.exception.ControllerException
16:09:54.063 [restartedMain] INFO  o.s.w.s.m.m.a.RequestMappingHandlerMapping - Mapped "{[/api/admin/personnel/updatePersonnel],methods=[POST]}" onto public net.sh.rgface.po.base.ResultPo net.sh.rgface.controller.admin.AdminPersonnelController.updatePersonnel(net.sh.rgface.vo.personnel.PersonnelVo,org.springframework.validation.BindingResult) throws net.sh.rgface.exception.ControllerException
16:09:54.064 [restartedMain] INFO  o.s.w.s.m.m.a.RequestMappingHandlerMapping - Mapped "{[/api/admin/recording/search],methods=[POST]}" onto public void net.sh.rgface.controller.admin.AdminRecordingController.search(net.sh.rgface.vo.search.SearchVo,java.lang.String,java.lang.String) throws net.sh.rgface.exception.ControllerException
16:09:54.065 [restartedMain] INFO  o.s.w.s.m.m.a.RequestMappingHandlerMapping - Mapped "{[/api/admin/recording/getNewestRecordingList],methods=[POST]}" onto public net.sh.rgface.po.base.ResultPo net.sh.rgface.controller.admin.AdminRecordingController.getNewestRecordingList(net.sh.rgface.vo.PagingListVo) throws net.sh.rgface.exception.ControllerException
16:09:54.065 [restartedMain] INFO  o.s.w.s.m.m.a.RequestMappingHandlerMapping - Mapped "{[/api/admin/recording/getRecordingList],methods=[POST]}" onto public net.sh.rgface.po.base.BasePagingListPo net.sh.rgface.controller.admin.AdminRecordingController.getRecordingList(java.lang.String,java.lang.String,java.lang.String,java.lang.String,java.lang.String,java.lang.String) throws net.sh.rgface.exception.ControllerException
16:09:54.066 [restartedMain] INFO  o.s.w.s.m.m.a.RequestMappingHandlerMapping - Mapped "{[/api/admin/log/getRequestLogList],methods=[POST]}" onto public net.sh.rgface.po.base.BasePagingListPo net.sh.rgface.controller.admin.AdminRequestLogController.getRequestLogList(java.lang.String,java.lang.String,java.lang.String,java.lang.String,java.lang.String,java.lang.String,javax.servlet.http.HttpSession) throws net.sh.rgface.exception.ControllerException
16:09:54.066 [restartedMain] INFO  o.s.w.s.m.m.a.RequestMappingHandlerMapping - Mapped "{[/api/admin/log/getNewestRequestLogList],methods=[POST]}" onto public net.sh.rgface.po.base.ResultPo net.sh.rgface.controller.admin.AdminRequestLogController.getNewestRequestLogList()
16:09:54.068 [restartedMain] INFO  o.s.w.s.m.m.a.RequestMappingHandlerMapping - Mapped "{[/api/admin/system/getSystemTotalOrMsg],methods=[POST]}" onto public net.sh.rgface.po.base.ResultPo net.sh.rgface.controller.admin.AdminSystemController.getSystemTotalOrMsg(javax.servlet.http.HttpSession) throws net.sh.rgface.exception.ControllerException
16:09:54.068 [restartedMain] INFO  o.s.w.s.m.m.a.RequestMappingHandlerMapping - Mapped "{[/api/admin/system/uploadSystemParam],methods=[POST]}" onto public net.sh.rgface.po.base.ResultPo net.sh.rgface.controller.admin.AdminSystemController.uploadSystemParam(net.sh.rgface.vo.system.SystemParamVo,org.springframework.validation.BindingResult,javax.servlet.http.HttpSession) throws net.sh.rgface.exception.ControllerException
16:09:54.068 [restartedMain] INFO  o.s.w.s.m.m.a.RequestMappingHandlerMapping - Mapped "{[/api/admin/system/getSystemParams],methods=[POST]}" onto public net.sh.rgface.po.base.ResultPo net.sh.rgface.controller.admin.AdminSystemController.getSystemParams(javax.servlet.http.HttpSession) throws net.sh.rgface.exception.ControllerException
16:09:54.069 [restartedMain] INFO  o.s.w.s.m.m.a.RequestMappingHandlerMapping - Mapped "{[/api/base/getDeviceNameList],methods=[POST]}" onto public net.sh.rgface.po.base.ResultPo net.sh.rgface.controller.Base.BaseController.getDeviceNameList()
16:09:54.069 [restartedMain] INFO  o.s.w.s.m.m.a.RequestMappingHandlerMapping - Mapped "{[/images/{type}/{filename:.+}],methods=[GET]}" onto public org.springframework.http.ResponseEntity<?> net.sh.rgface.controller.Base.FileController.getFile(java.lang.String,java.lang.String)
16:09:54.069 [restartedMain] INFO  o.s.w.s.m.m.a.RequestMappingHandlerMapping - Mapped "{[/api/upload/uploadPersonnelFile]}" onto public net.sh.rgface.po.base.ResultPo net.sh.rgface.controller.Base.UploadController.uploadPersonnelAvatar(org.springframework.web.multipart.MultipartFile,java.lang.String,java.lang.String) throws net.sh.rgface.exception.ControllerException
16:09:54.070 [restartedMain] INFO  o.s.w.s.m.m.a.RequestMappingHandlerMapping - Mapped "{[/api/verification/getVerificationImg],methods=[GET]}" onto public void net.sh.rgface.controller.Base.VerificationController.getVerificationImg(java.lang.String,javax.servlet.http.HttpServletResponse,javax.servlet.http.HttpSession) throws net.sh.rgface.exception.ControllerException,java.io.IOException
16:09:54.071 [restartedMain] INFO  o.s.w.s.m.m.a.RequestMappingHandlerMapping - Mapped "{[/api/personnel/updatePersonnelInfo],methods=[POST]}" onto public net.sh.rgface.po.base.ResultPo net.sh.rgface.controller.personnel.PersonnelController.updatePersonnelInfo(net.sh.rgface.vo.personnel.PersonnelVo,org.springframework.validation.BindingResult,javax.servlet.http.HttpSession) throws net.sh.rgface.exception.ControllerException
16:09:54.071 [restartedMain] INFO  o.s.w.s.m.m.a.RequestMappingHandlerMapping - Mapped "{[/api/personnel/updatePersonnelPassword],methods=[POST]}" onto public net.sh.rgface.po.base.ResultPo net.sh.rgface.controller.personnel.PersonnelController.updatePersonnelPassword(net.sh.rgface.vo.personnel.PersonnelUpdatePasswordVo,org.springframework.validation.BindingResult,javax.servlet.http.HttpSession) throws net.sh.rgface.exception.ControllerException
16:09:54.071 [restartedMain] INFO  o.s.w.s.m.m.a.RequestMappingHandlerMapping - Mapped "{[/api/personnel/logout],methods=[POST]}" onto public net.sh.rgface.po.base.ResultPo net.sh.rgface.controller.personnel.PersonnelController.logout(javax.servlet.http.HttpSession)
16:09:54.072 [restartedMain] INFO  o.s.w.s.m.m.a.RequestMappingHandlerMapping - Mapped "{[/api/personnel/login],methods=[POST]}" onto public net.sh.rgface.po.base.ResultPo net.sh.rgface.controller.personnel.PersonnelController.login(net.sh.rgface.vo.personnel.PersonnelLoginVo,org.springframework.validation.BindingResult,javax.servlet.http.HttpSession,javax.servlet.http.HttpServletRequest) throws net.sh.rgface.exception.ControllerException
16:09:54.072 [restartedMain] INFO  o.s.w.s.m.m.a.RequestMappingHandlerMapping - Mapped "{[/api/personnel/getPersonnelInfo],methods=[POST]}" onto public net.sh.rgface.po.base.ResultPo net.sh.rgface.controller.personnel.PersonnelController.getPersonnelInfo(javax.servlet.http.HttpSession) throws net.sh.rgface.exception.ControllerException
16:09:54.073 [restartedMain] INFO  o.s.w.s.m.m.a.RequestMappingHandlerMapping - Mapped "{[/personnel/{forward}],methods=[GET]}" onto public java.lang.String net.sh.rgface.controller.personnel.PersonnelMobileController.reveal(java.lang.String)
16:09:54.073 [restartedMain] INFO  o.s.w.s.m.m.a.RequestMappingHandlerMapping - Mapped "{[/personnel/],methods=[GET]}" onto public java.lang.String net.sh.rgface.controller.personnel.PersonnelMobileController.faceVideo()
16:09:54.074 [restartedMain] INFO  o.s.w.s.m.m.a.RequestMappingHandlerMapping - Mapped "{[/sh/{forward}],methods=[GET]}" onto public java.lang.String net.sh.rgface.controller.user.MobileController.reveal(java.lang.String)
16:09:54.074 [restartedMain] INFO  o.s.w.s.m.m.a.RequestMappingHandlerMapping - Mapped "{[/sh/],methods=[GET]}" onto public java.lang.String net.sh.rgface.controller.user.MobileController.faceVideo()
16:09:54.074 [restartedMain] INFO  o.s.w.s.m.m.a.RequestMappingHandlerMapping - Mapped "{[/api/user/login],methods=[POST]}" onto public net.sh.rgface.po.base.ResultPo net.sh.rgface.controller.user.UserController.login(net.sh.rgface.vo.UserVo,org.springframework.validation.BindingResult,javax.servlet.http.HttpSession,javax.servlet.http.HttpServletRequest) throws net.sh.rgface.exception.ControllerException
16:09:54.075 [restartedMain] INFO  o.s.w.s.m.m.a.RequestMappingHandlerMapping - Mapped "{[/api/user/getGoOutCount],methods=[POST]}" onto public net.sh.rgface.po.base.ResultPo net.sh.rgface.controller.user.UserController.getGoOutCount()
16:09:54.075 [restartedMain] INFO  o.s.w.s.m.m.a.RequestMappingHandlerMapping - Mapped "{[/api/webTime/getWebTime]}" onto public net.sh.rgface.po.base.ResultPo net.sh.rgface.controller.WebTimeController.getWebTime() throws net.sh.rgface.exception.ControllerException
16:09:54.076 [restartedMain] INFO  o.s.w.s.m.m.a.RequestMappingHandlerMapping - Mapped "{[/error]}" onto public net.sh.rgface.po.base.ResultPo net.sh.rgface.exception.NotFoundException.handleError(javax.servlet.http.HttpServletRequest,javax.servlet.http.HttpServletResponse) throws java.io.IOException
16:09:54.170 [restartedMain] INFO  o.s.w.s.h.SimpleUrlHandlerMapping - Mapped URL path [/sh/static/**] onto handler of type [class org.springframework.web.servlet.resource.ResourceHttpRequestHandler]
16:09:54.170 [restartedMain] INFO  o.s.w.s.h.SimpleUrlHandlerMapping - Mapped URL path [/personnel/static/**] onto handler of type [class org.springframework.web.servlet.resource.ResourceHttpRequestHandler]
16:09:54.170 [restartedMain] INFO  o.s.w.s.h.SimpleUrlHandlerMapping - Mapped URL path [/admin/static/admin/**] onto handler of type [class org.springframework.web.servlet.resource.ResourceHttpRequestHandler]
16:09:54.248 [restartedMain] INFO  o.s.w.s.m.m.a.RequestMappingHandlerAdapter - Looking for @ControllerAdvice: org.springframework.boot.web.servlet.context.AnnotationConfigServletWebServerApplicationContext@1ce07fd: startup date [Tue Jul 03 16:09:45 CST 2018]; root of context hierarchy
16:09:54.329 [restartedMain] INFO  o.s.w.s.m.m.a.ExceptionHandlerExceptionResolver - Detected @ExceptionHandler methods in serviceException
16:09:54.952 [restartedMain] WARN  o.s.b.a.o.j.JpaBaseConfiguration$JpaWebConfiguration$JpaWebMvcConfiguration - spring.jpa.open-in-view is enabled by default. Therefore, database queries may be performed during view rendering. Explicitly configure spring.jpa.open-in-view to disable this warning
16:09:55.370 [NioProcessor-2] INFO  n.s.r.config.ApplicationInitRunner -  ------------- 设备已连接-配置端口:20180523
16:09:55.470 [restartedMain] WARN  o.t.templatemode.TemplateMode - [THYMELEAF][restartedMain] Template Mode 'LEGACYHTML5' is deprecated. Using Template Mode 'HTML' instead.
16:09:55.918 [restartedMain] INFO  o.s.b.d.a.OptionalLiveReloadServer - LiveReload server is running on port 35729
16:09:56.119 [restartedMain] INFO  o.s.w.s.s.s.ServerEndpointExporter - Registering @ServerEndpoint class: class net.sh.rgface.serive.faceStream.StreamDataWebSocketService
16:09:56.133 [restartedMain] INFO  o.s.j.e.a.AnnotationMBeanExporter - Registering beans for JMX exposure on startup
16:09:56.134 [restartedMain] INFO  o.s.j.e.a.AnnotationMBeanExporter - Bean with name 'dataSource' has been autodetected for JMX exposure
16:09:56.143 [restartedMain] INFO  o.s.j.e.a.AnnotationMBeanExporter - Located MBean 'dataSource': registering with JMX server as MBean [com.zaxxer.hikari:name=dataSource,type=HikariDataSource]
16:09:56.153 [restartedMain] INFO  o.a.coyote.http11.Http11NioProtocol - Starting ProtocolHandler ["http-nio-8001"]
16:09:56.154 [restartedMain] INFO  o.a.tomcat.util.net.NioSelectorPool - Using a shared selector for servlet write/read
16:09:56.169 [restartedMain] INFO  o.s.b.w.e.tomcat.TomcatWebServer - Tomcat started on port(s): 8001 (http) with context path ''
16:09:56.173 [restartedMain] INFO  net.sh.rgface.RgfaceApplication - Started RgfaceApplication in 11.02 seconds (JVM running for 12.077)
16:10:35.384 [http-nio-8001-exec-1] INFO  o.a.c.c.C.[Tomcat].[localhost].[/] - Initializing Spring FrameworkServlet 'dispatcherServlet'
16:10:35.384 [http-nio-8001-exec-1] INFO  o.s.web.servlet.DispatcherServlet - FrameworkServlet 'dispatcherServlet': initialization started
16:10:35.428 [http-nio-8001-exec-1] INFO  o.s.web.servlet.DispatcherServlet - FrameworkServlet 'dispatcherServlet': initialization completed in 43 ms
16:10:35.445 [http-nio-8001-exec-1] WARN  n.sh.rgface.config.LoginInterceptors - /admin/index.html
16:10:36.036 [http-nio-8001-exec-6] WARN  n.sh.rgface.config.LoginInterceptors - /api/verification/getVerificationImg
16:10:36.342 [http-nio-8001-exec-6] INFO  n.s.r.c.Base.VerificationController - ----------- session verification: xlbnm
16:10:39.900 [http-nio-8001-exec-9] WARN  n.sh.rgface.config.LoginInterceptors - /api/admin/account/login
16:10:40.053 [http-nio-8001-exec-9] INFO  o.h.h.i.QueryTranslatorFactoryInitiator - HHH000397: Using ASTQueryTranslatorFactory
16:10:40.333 [http-nio-8001-exec-8] WARN  n.sh.rgface.config.LoginInterceptors - /admin/index.html
16:10:40.494 [http-nio-8001-exec-7] WARN  n.sh.rgface.config.LoginInterceptors - /admin/main.html
16:10:40.864 [http-nio-8001-exec-4] WARN  n.sh.rgface.config.LoginInterceptors - /api/admin/account/getAdminAccountMessage
16:10:40.945 [http-nio-8001-exec-5] WARN  n.sh.rgface.config.LoginInterceptors - /api/admin/system/getSystemTotalOrMsg
16:10:40.950 [http-nio-8001-exec-9] WARN  n.sh.rgface.config.LoginInterceptors - /api/admin/log/getNewestRequestLogList
16:10:40.949 [http-nio-8001-exec-6] WARN  n.sh.rgface.config.LoginInterceptors - /api/admin/recording/getNewestRecordingList
16:15:47.530 [restartedMain] INFO  net.sh.rgface.RgfaceApplication - Starting RgfaceApplication on DESKTOP-90LDSD6 with PID 15900 (C:\Users\DESTINY\IdeaProjects\rgface\target\classes started by DESTINY in C:\Users\DESTINY\IdeaProjects\rgface)
16:15:47.531 [restartedMain] INFO  net.sh.rgface.RgfaceApplication - The following profiles are active: dev
16:15:47.578 [restartedMain] INFO  o.s.b.w.s.c.AnnotationConfigServletWebServerApplicationContext - Refreshing org.springframework.boot.web.servlet.context.AnnotationConfigServletWebServerApplicationContext@8d8da7: startup date [Tue Jul 03 16:15:47 CST 2018]; root of context hierarchy
16:15:48.928 [restartedMain] INFO  o.s.d.r.c.RepositoryConfigurationDelegate - Multiple Spring Data modules found, entering strict repository configuration mode!
16:15:49.031 [restartedMain] INFO  o.s.d.r.c.RepositoryConfigurationExtensionSupport - Spring Data Elasticsearch - Could not safely identify store assignment for repository candidate interface net.sh.rgface.repository.AccountInfoRepository.
16:15:49.045 [restartedMain] INFO  o.s.d.r.c.RepositoryConfigurationExtensionSupport - Spring Data Elasticsearch - Could not safely identify store assignment for repository candidate interface net.sh.rgface.repository.AccountRepository.
16:15:49.047 [restartedMain] INFO  o.s.d.r.c.RepositoryConfigurationExtensionSupport - Spring Data Elasticsearch - Could not safely identify store assignment for repository candidate interface net.sh.rgface.repository.DeviceRepository.
16:15:49.049 [restartedMain] INFO  o.s.d.r.c.RepositoryConfigurationExtensionSupport - Spring Data Elasticsearch - Could not safely identify store assignment for repository candidate interface net.sh.rgface.repository.EnvironmentImgRepository.
16:15:49.053 [restartedMain] INFO  o.s.d.r.c.RepositoryConfigurationExtensionSupport - Spring Data Elasticsearch - Could not safely identify store assignment for repository candidate interface net.sh.rgface.repository.FaceRepository.
16:15:49.055 [restartedMain] INFO  o.s.d.r.c.RepositoryConfigurationExtensionSupport - Spring Data Elasticsearch - Could not safely identify store assignment for repository candidate interface net.sh.rgface.repository.FaceReviewRepository.
16:15:49.057 [restartedMain] INFO  o.s.d.r.c.RepositoryConfigurationExtensionSupport - Spring Data Elasticsearch - Could not safely identify store assignment for repository candidate interface net.sh.rgface.repository.FileRepository.
16:15:49.060 [restartedMain] INFO  o.s.d.r.c.RepositoryConfigurationExtensionSupport - Spring Data Elasticsearch - Could not safely identify store assignment for repository candidate interface net.sh.rgface.repository.PersonnelCountRepository.
16:15:49.063 [restartedMain] INFO  o.s.d.r.c.RepositoryConfigurationExtensionSupport - Spring Data Elasticsearch - Could not safely identify store assignment for repository candidate interface net.sh.rgface.repository.PersonnelRepository.
16:15:49.065 [restartedMain] INFO  o.s.d.r.c.RepositoryConfigurationExtensionSupport - Spring Data Elasticsearch - Could not safely identify store assignment for repository candidate interface net.sh.rgface.repository.RecordingRepository.
16:15:49.067 [restartedMain] INFO  o.s.d.r.c.RepositoryConfigurationExtensionSupport - Spring Data Elasticsearch - Could not safely identify store assignment for repository candidate interface net.sh.rgface.repository.RequestLogRepository.
16:15:49.073 [restartedMain] INFO  o.s.d.r.c.RepositoryConfigurationExtensionSupport - Spring Data Elasticsearch - Could not safely identify store assignment for repository candidate interface net.sh.rgface.repository.SystemParamRepository.
16:15:49.082 [restartedMain] INFO  o.s.d.r.c.RepositoryConfigurationDelegate - Multiple Spring Data modules found, entering strict repository configuration mode!
16:15:49.235 [restartedMain] INFO  o.s.d.r.c.RepositoryConfigurationDelegate - Multiple Spring Data modules found, entering strict repository configuration mode!
16:15:49.304 [restartedMain] INFO  o.s.d.r.c.RepositoryConfigurationExtensionSupport - Spring Data Redis - Could not safely identify store assignment for repository candidate interface net.sh.rgface.repository.AccountInfoRepository.
16:15:49.304 [restartedMain] INFO  o.s.d.r.c.RepositoryConfigurationExtensionSupport - Spring Data Redis - Could not safely identify store assignment for repository candidate interface net.sh.rgface.repository.AccountRepository.
16:15:49.304 [restartedMain] INFO  o.s.d.r.c.RepositoryConfigurationExtensionSupport - Spring Data Redis - Could not safely identify store assignment for repository candidate interface net.sh.rgface.repository.DeviceRepository.
16:15:49.305 [restartedMain] INFO  o.s.d.r.c.RepositoryConfigurationExtensionSupport - Spring Data Redis - Could not safely identify store assignment for repository candidate interface net.sh.rgface.repository.EnvironmentImgRepository.
16:15:49.305 [restartedMain] INFO  o.s.d.r.c.RepositoryConfigurationExtensionSupport - Spring Data Redis - Could not safely identify store assignment for repository candidate interface net.sh.rgface.repository.FaceRepository.
16:15:49.305 [restartedMain] INFO  o.s.d.r.c.RepositoryConfigurationExtensionSupport - Spring Data Redis - Could not safely identify store assignment for repository candidate interface net.sh.rgface.repository.FaceReviewRepository.
16:15:49.305 [restartedMain] INFO  o.s.d.r.c.RepositoryConfigurationExtensionSupport - Spring Data Redis - Could not safely identify store assignment for repository candidate interface net.sh.rgface.repository.FileRepository.
16:15:49.306 [restartedMain] INFO  o.s.d.r.c.RepositoryConfigurationExtensionSupport - Spring Data Redis - Could not safely identify store assignment for repository candidate interface net.sh.rgface.repository.PersonnelCountRepository.
16:15:49.306 [restartedMain] INFO  o.s.d.r.c.RepositoryConfigurationExtensionSupport - Spring Data Redis - Could not safely identify store assignment for repository candidate interface net.sh.rgface.repository.PersonnelRepository.
16:15:49.306 [restartedMain] INFO  o.s.d.r.c.RepositoryConfigurationExtensionSupport - Spring Data Redis - Could not safely identify store assignment for repository candidate interface net.sh.rgface.repository.RecordingRepository.
16:15:49.306 [restartedMain] INFO  o.s.d.r.c.RepositoryConfigurationExtensionSupport - Spring Data Redis - Could not safely identify store assignment for repository candidate interface net.sh.rgface.repository.RequestLogRepository.
16:15:49.306 [restartedMain] INFO  o.s.d.r.c.RepositoryConfigurationExtensionSupport - Spring Data Redis - Could not safely identify store assignment for repository candidate interface net.sh.rgface.repository.SystemParamRepository.
16:15:49.842 [restartedMain] INFO  o.s.c.s.PostProcessorRegistrationDelegate$BeanPostProcessorChecker - Bean 'org.springframework.transaction.annotation.ProxyTransactionManagementConfiguration' of type [org.springframework.transaction.annotation.ProxyTransactionManagementConfiguration$$EnhancerBySpringCGLIB$$1d8d7881] is not eligible for getting processed by all BeanPostProcessors (for example: not eligible for auto-proxying)
16:15:49.965 [restartedMain] INFO  o.s.c.s.PostProcessorRegistrationDelegate$BeanPostProcessorChecker - Bean 'redisConfig' of type [net.sh.rgface.config.RedisConfig$$EnhancerBySpringCGLIB$$da4d790b] is not eligible for getting processed by all BeanPostProcessors (for example: not eligible for auto-proxying)
16:15:49.984 [restartedMain] INFO  o.s.c.s.PostProcessorRegistrationDelegate$BeanPostProcessorChecker - Bean 'keyGenerator' of type [net.sh.rgface.config.RedisConfig$1] is not eligible for getting processed by all BeanPostProcessors (for example: not eligible for auto-proxying)
16:15:49.986 [restartedMain] INFO  o.s.c.s.PostProcessorRegistrationDelegate$BeanPostProcessorChecker - Bean 'org.springframework.cache.annotation.ProxyCachingConfiguration' of type [org.springframework.cache.annotation.ProxyCachingConfiguration$$EnhancerBySpringCGLIB$$669fae9f] is not eligible for getting processed by all BeanPostProcessors (for example: not eligible for auto-proxying)
16:15:50.409 [restartedMain] WARN  o.a.c.core.AprLifecycleListener - The APR based Apache Tomcat Native library failed to load. The error reported was [F:\apache-tomcat-8.5.31\bin\tcnative-1.dll: Can't load AMD 64-bit .dll on a IA 32-bit platform]
java.lang.UnsatisfiedLinkError: F:\apache-tomcat-8.5.31\bin\tcnative-1.dll: Can't load AMD 64-bit .dll on a IA 32-bit platform
	at java.lang.ClassLoader$NativeLibrary.load(Native Method)
	at java.lang.ClassLoader.loadLibrary0(ClassLoader.java:1941)
	at java.lang.ClassLoader.loadLibrary(ClassLoader.java:1857)
	at java.lang.Runtime.loadLibrary0(Runtime.java:870)
	at java.lang.System.loadLibrary(System.java:1122)
	at org.apache.tomcat.jni.Library.<init>(Library.java:42)
	at org.apache.tomcat.jni.Library.initialize(Library.java:178)
	at org.apache.catalina.core.AprLifecycleListener.init(AprLifecycleListener.java:198)
	at org.apache.catalina.core.AprLifecycleListener.isAprAvailable(AprLifecycleListener.java:107)
	at org.apache.catalina.connector.Connector.setProtocol(Connector.java:582)
	at org.apache.catalina.connector.Connector.<init>(Connector.java:74)
	at org.springframework.boot.web.embedded.tomcat.TomcatServletWebServerFactory.getWebServer(TomcatServletWebServerFactory.java:166)
	at org.springframework.boot.web.servlet.context.ServletWebServerApplicationContext.createWebServer(ServletWebServerApplicationContext.java:179)
	at org.springframework.boot.web.servlet.context.ServletWebServerApplicationContext.onRefresh(ServletWebServerApplicationContext.java:152)
	at org.springframework.context.support.AbstractApplicationContext.refresh(AbstractApplicationContext.java:543)
	at org.springframework.boot.web.servlet.context.ServletWebServerApplicationContext.refresh(ServletWebServerApplicationContext.java:140)
	at org.springframework.boot.SpringApplication.refresh(SpringApplication.java:752)
	at org.springframework.boot.SpringApplication.refreshContext(SpringApplication.java:388)
	at org.springframework.boot.SpringApplication.run(SpringApplication.java:327)
	at org.springframework.boot.SpringApplication.run(SpringApplication.java:1246)
	at org.springframework.boot.SpringApplication.run(SpringApplication.java:1234)
	at net.sh.rgface.RgfaceApplication.main(RgfaceApplication.java:27)
	at sun.reflect.NativeMethodAccessorImpl.invoke0(Native Method)
	at sun.reflect.NativeMethodAccessorImpl.invoke(NativeMethodAccessorImpl.java:62)
	at sun.reflect.DelegatingMethodAccessorImpl.invoke(DelegatingMethodAccessorImpl.java:43)
	at java.lang.reflect.Method.invoke(Method.java:498)
	at org.springframework.boot.devtools.restart.RestartLauncher.run(RestartLauncher.java:49)
16:15:50.610 [restartedMain] INFO  o.s.b.w.e.tomcat.TomcatWebServer - Tomcat initialized with port(s): 8001 (http)
16:15:50.628 [restartedMain] INFO  o.a.coyote.http11.Http11NioProtocol - Initializing ProtocolHandler ["http-nio-8001"]
16:15:50.640 [restartedMain] INFO  o.a.catalina.core.StandardService - Starting service [Tomcat]
16:15:50.641 [restartedMain] INFO  o.a.catalina.core.StandardEngine - Starting Servlet Engine: Apache Tomcat/8.5.28
16:15:50.841 [localhost-startStop-1] INFO  o.a.c.c.C.[Tomcat].[localhost].[/] - Initializing Spring embedded WebApplicationContext
16:15:50.842 [localhost-startStop-1] INFO  o.s.web.context.ContextLoader - Root WebApplicationContext: initialization completed in 3264 ms
16:15:51.046 [localhost-startStop-1] INFO  o.s.b.w.s.ServletRegistrationBean - Servlet dispatcherServlet mapped to [/]
16:15:51.052 [localhost-startStop-1] INFO  o.s.b.w.s.FilterRegistrationBean - Mapping filter: 'characterEncodingFilter' to: [/*]
16:15:51.066 [localhost-startStop-1] INFO  n.s.r.config.ApplicationInitRunner -  ------------- Init Success 初始化成功
16:15:51.068 [localhost-startStop-1] ERROR n.s.r.config.ApplicationInitRunner -  ------------- Init Success 初始化成功
16:15:51.942 [restartedMain] INFO  com.zaxxer.hikari.HikariDataSource - HikariPool-1 - Starting...
16:15:52.069 [restartedMain] INFO  com.zaxxer.hikari.HikariDataSource - HikariPool-1 - Start completed.
16:15:52.160 [restartedMain] INFO  o.s.o.j.LocalContainerEntityManagerFactoryBean - Building JPA container EntityManagerFactory for persistence unit 'default'
16:15:52.175 [restartedMain] INFO  o.h.jpa.internal.util.LogHelper - HHH000204: Processing PersistenceUnitInfo [
	name: default
	...]
16:15:52.250 [restartedMain] INFO  org.hibernate.Version - HHH000412: Hibernate Core {5.2.14.Final}
16:15:52.253 [restartedMain] INFO  org.hibernate.cfg.Environment - HHH000206: hibernate.properties not found
16:15:52.293 [restartedMain] INFO  o.h.annotations.common.Version - HCANN000001: Hibernate Commons Annotations {5.0.1.Final}
16:15:52.586 [restartedMain] INFO  org.hibernate.dialect.Dialect - HHH000400: Using dialect: org.hibernate.dialect.MySQL5Dialect
16:15:53.207 [restartedMain] INFO  o.s.o.j.LocalContainerEntityManagerFactoryBean - Initialized JPA EntityManagerFactory for persistence unit 'default'
16:15:55.161 [restartedMain] INFO  i.s.client.AbstractJestClient - Setting server pool to a list of 1 servers: [http://192.168.2.121:9200]
16:15:55.163 [restartedMain] INFO  i.searchbox.client.JestClientFactory - Using multi thread/connection supporting pooling connection manager
16:15:55.247 [restartedMain] INFO  i.searchbox.client.JestClientFactory - Using custom GSON instance
16:15:55.248 [restartedMain] INFO  i.searchbox.client.JestClientFactory - Node Discovery disabled...
16:15:55.249 [restartedMain] INFO  i.searchbox.client.JestClientFactory - Idle connection reaping disabled...
16:15:55.704 [restartedMain] INFO  o.s.w.s.m.m.a.RequestMappingHandlerMapping - Mapped "{[/api/admin/account/getAdminAccountMessage],methods=[POST]}" onto public net.sh.rgface.po.base.ResultPo net.sh.rgface.controller.admin.AdminAccountController.getAdminAccountMessage(javax.servlet.http.HttpSession) throws net.sh.rgface.exception.ControllerException
16:15:55.706 [restartedMain] INFO  o.s.w.s.m.m.a.RequestMappingHandlerMapping - Mapped "{[/api/admin/account/getAdminAccountList],methods=[POST]}" onto public net.sh.rgface.po.base.BasePagingListPo net.sh.rgface.controller.admin.AdminAccountController.getAdminAccountList(java.lang.String,java.lang.String,java.lang.String,java.lang.String,java.lang.String,java.lang.String,java.lang.String,javax.servlet.http.HttpSession) throws net.sh.rgface.exception.ControllerException
16:15:55.706 [restartedMain] INFO  o.s.w.s.m.m.a.RequestMappingHandlerMapping - Mapped "{[/api/admin/account/adminAuthorityManager],methods=[POST]}" onto public net.sh.rgface.po.base.ResultPo net.sh.rgface.controller.admin.AdminAccountController.adminAuthorityManager(net.sh.rgface.vo.BaseVo,javax.servlet.http.HttpSession) throws net.sh.rgface.exception.ControllerException
16:15:55.707 [restartedMain] INFO  o.s.w.s.m.m.a.RequestMappingHandlerMapping - Mapped "{[/api/admin/account/getAdminAccountInfo],methods=[POST]}" onto public net.sh.rgface.po.base.ResultPo net.sh.rgface.controller.admin.AdminAccountController.getAdminAccountInfo(javax.servlet.http.HttpSession) throws net.sh.rgface.exception.ControllerException
16:15:55.707 [restartedMain] INFO  o.s.w.s.m.m.a.RequestMappingHandlerMapping - Mapped "{[/api/admin/account/updateAdminAccountInfo],methods=[POST]}" onto public net.sh.rgface.po.base.ResultPo net.sh.rgface.controller.admin.AdminAccountController.updateAdminAccountInfo(net.sh.rgface.vo.admin.account.AdminUpdateAccountInfoVo,org.springframework.validation.BindingResult,javax.servlet.http.HttpSession) throws net.sh.rgface.exception.ControllerException
16:15:55.708 [restartedMain] INFO  o.s.w.s.m.m.a.RequestMappingHandlerMapping - Mapped "{[/api/admin/account/setAdminAccountStartUpOrDisabled],methods=[POST]}" onto public net.sh.rgface.po.base.ResultPo net.sh.rgface.controller.admin.AdminAccountController.setAdminAccountStartUpOrDisabled(net.sh.rgface.vo.BaseVo,javax.servlet.http.HttpSession) throws net.sh.rgface.exception.ControllerException
16:15:55.708 [restartedMain] INFO  o.s.w.s.m.m.a.RequestMappingHandlerMapping - Mapped "{[/api/admin/account/updateAdminAccountPassword],methods=[POST]}" onto public net.sh.rgface.po.base.ResultPo net.sh.rgface.controller.admin.AdminAccountController.updateAdminAccountPassword(net.sh.rgface.vo.admin.account.AdminUpdatePasswordVo,org.springframework.validation.BindingResult,javax.servlet.http.HttpSession) throws net.sh.rgface.exception.ControllerException
16:15:55.708 [restartedMain] INFO  o.s.w.s.m.m.a.RequestMappingHandlerMapping - Mapped "{[/api/admin/account/addAccount],methods=[POST]}" onto public net.sh.rgface.po.base.ResultPo net.sh.rgface.controller.admin.AdminAccountController.addAccount(net.sh.rgface.vo.admin.account.AddAccountVo,org.springframework.validation.BindingResult,javax.servlet.http.HttpServletRequest,javax.servlet.http.HttpSession) throws net.sh.rgface.exception.ControllerException
16:15:55.709 [restartedMain] INFO  o.s.w.s.m.m.a.RequestMappingHandlerMapping - Mapped "{[/api/admin/account/login],methods=[POST]}" onto public net.sh.rgface.po.base.ResultPo net.sh.rgface.controller.admin.AdminAccountController.login(net.sh.rgface.vo.admin.account.AdminLoginVo,org.springframework.validation.BindingResult,javax.servlet.http.HttpSession,javax.servlet.http.HttpServletRequest) throws net.sh.rgface.exception.ControllerException
16:15:55.709 [restartedMain] INFO  o.s.w.s.m.m.a.RequestMappingHandlerMapping - Mapped "{[/api/admin/account/logout],methods=[POST]}" onto public net.sh.rgface.po.base.ResultPo net.sh.rgface.controller.admin.AdminAccountController.logout(javax.servlet.http.HttpSession)
16:15:55.710 [restartedMain] INFO  o.s.w.s.m.m.a.RequestMappingHandlerMapping - Mapped "{[/api/admin/device/updateDeviceParam],methods=[POST]}" onto public net.sh.rgface.po.base.ResultPo net.sh.rgface.controller.admin.AdminDeviceController.updateDeviceParam(net.sh.rgface.vo.admin.device.UpdateDeviceStatusVo) throws net.sh.rgface.exception.ControllerException
16:15:55.711 [restartedMain] INFO  o.s.w.s.m.m.a.RequestMappingHandlerMapping - Mapped "{[/api/admin/device/updateDeviceStatus],methods=[POST]}" onto public net.sh.rgface.po.base.ResultPo net.sh.rgface.controller.admin.AdminDeviceController.updateDevice(net.sh.rgface.vo.BaseVo) throws net.sh.rgface.exception.ControllerException
16:15:55.711 [restartedMain] INFO  o.s.w.s.m.m.a.RequestMappingHandlerMapping - Mapped "{[/api/admin/device/updateDevice],methods=[POST]}" onto public net.sh.rgface.po.base.ResultPo net.sh.rgface.controller.admin.AdminDeviceController.updateDevice(net.sh.rgface.vo.admin.device.DeviceVo,org.springframework.validation.BindingResult) throws net.sh.rgface.exception.ControllerException
16:15:55.712 [restartedMain] INFO  o.s.w.s.m.m.a.RequestMappingHandlerMapping - Mapped "{[/api/admin/device/getDeviceList],methods=[POST]}" onto public net.sh.rgface.po.base.BasePagingListPo net.sh.rgface.controller.admin.AdminDeviceController.getDeviceList(java.lang.String,java.lang.String,java.lang.String,java.lang.String,java.lang.String,java.lang.String,javax.servlet.http.HttpSession) throws net.sh.rgface.exception.ControllerException
16:15:55.713 [restartedMain] INFO  o.s.w.s.m.m.a.RequestMappingHandlerMapping - Mapped "{[/api/admin/device/addDevice],methods=[POST]}" onto public net.sh.rgface.po.base.ResultPo net.sh.rgface.controller.admin.AdminDeviceController.addDevice(net.sh.rgface.vo.admin.device.DeviceVo,org.springframework.validation.BindingResult,javax.servlet.http.HttpSession) throws net.sh.rgface.exception.ControllerException
16:15:55.715 [restartedMain] INFO  o.s.w.s.m.m.a.RequestMappingHandlerMapping - Mapped "{[/api/admin/excel/getPersonnelExcel],methods=[GET]}" onto public void net.sh.rgface.controller.admin.AdminExcelController.getPersonnelExcel(javax.servlet.http.HttpServletResponse) throws net.sh.rgface.exception.ControllerException
16:15:55.716 [restartedMain] INFO  o.s.w.s.m.m.a.RequestMappingHandlerMapping - Mapped "{[/api/admin/excel/importPersonnelExcel]}" onto public net.sh.rgface.po.base.ResultPo net.sh.rgface.controller.admin.AdminExcelController.importPersonnelExcel(org.springframework.web.multipart.MultipartFile,java.lang.String,javax.servlet.http.HttpServletRequest,javax.servlet.http.HttpSession) throws net.sh.rgface.exception.ControllerException
16:15:55.716 [restartedMain] INFO  o.s.w.s.m.m.a.RequestMappingHandlerMapping - Mapped "{[/api/admin/excel/getExcel],methods=[POST]}" onto public net.sh.rgface.po.base.ResultPo net.sh.rgface.controller.admin.AdminExcelController.getExcel(net.sh.rgface.vo.BaseVo) throws net.sh.rgface.exception.ControllerException
16:15:55.717 [restartedMain] INFO  o.s.w.s.m.m.a.RequestMappingHandlerMapping - Mapped "{[/api/admin/face/batchRemoveDeviceFace],methods=[POST]}" onto public net.sh.rgface.po.base.ResultPo net.sh.rgface.controller.admin.AdminFaceController.batchRemoveDeviceFace(net.sh.rgface.vo.admin.face.AdminBatchRemoveFaceVo,org.springframework.validation.BindingResult) throws net.sh.rgface.exception.ControllerException
16:15:55.717 [restartedMain] INFO  o.s.w.s.m.m.a.RequestMappingHandlerMapping - Mapped "{[/api/admin/face/getDeviceFaceList],methods=[POST]}" onto public net.sh.rgface.po.base.ResultPo net.sh.rgface.controller.admin.AdminFaceController.getDeviceFaceList(net.sh.rgface.vo.admin.face.AdminFaceListVo,org.springframework.validation.BindingResult) throws net.sh.rgface.exception.ControllerException
16:15:55.717 [restartedMain] INFO  o.s.w.s.m.m.a.RequestMappingHandlerMapping - Mapped "{[/api/admin/face/batchCopyToDevice],methods=[POST]}" onto public net.sh.rgface.po.base.ResultPo net.sh.rgface.controller.admin.AdminFaceController.batchCopyToDevice(net.sh.rgface.vo.admin.face.AdminBatchCopyToDeviceVo,org.springframework.validation.BindingResult) throws net.sh.rgface.exception.ControllerException
16:15:55.719 [restartedMain] INFO  o.s.w.s.m.m.a.RequestMappingHandlerMapping - Mapped "{[/api/admin/face/removeDeviceFace],methods=[POST]}" onto public net.sh.rgface.po.base.ResultPo net.sh.rgface.controller.admin.AdminFaceController.removeDeviceFace(net.sh.rgface.vo.admin.face.AdminFaceVo,org.springframework.validation.BindingResult) throws net.sh.rgface.exception.ControllerException
16:15:55.719 [restartedMain] INFO  o.s.w.s.m.m.a.RequestMappingHandlerMapping - Mapped "{[/api/admin/faceReview/getFaceReviewList],methods=[POST]}" onto public net.sh.rgface.po.base.BasePagingListPo net.sh.rgface.controller.admin.AdminFaceReviewController.getFaceReviewList(java.lang.String,java.lang.String,java.lang.String,java.lang.String,java.lang.String,java.lang.String,java.lang.String,javax.servlet.http.HttpSession) throws net.sh.rgface.exception.ControllerException
16:15:55.720 [restartedMain] INFO  o.s.w.s.m.m.a.RequestMappingHandlerMapping - Mapped "{[/api/admin/faceReview/faceReview],methods=[POST]}" onto public net.sh.rgface.po.base.ResultPo net.sh.rgface.controller.admin.AdminFaceReviewController.faceReview(net.sh.rgface.vo.admin.faceReview.FaceReviewVo) throws net.sh.rgface.exception.ControllerException
16:15:55.722 [restartedMain] INFO  o.s.w.s.m.m.a.RequestMappingHandlerMapping - Mapped "{[/api/admin/faceReview/lssuedFace],methods=[POST]}" onto public net.sh.rgface.po.base.ResultPo net.sh.rgface.controller.admin.AdminFaceReviewController.lssuedFace(net.sh.rgface.vo.admin.faceReview.FaceReviewVo) throws net.sh.rgface.exception.ControllerException
16:15:55.723 [restartedMain] INFO  o.s.w.s.m.m.a.RequestMappingHandlerMapping - Mapped "{[/admin/],methods=[GET]}" onto public java.lang.String net.sh.rgface.controller.admin.AdminMobileController.faceVideo()
16:15:55.723 [restartedMain] INFO  o.s.w.s.m.m.a.RequestMappingHandlerMapping - Mapped "{[/admin/{forward}],methods=[GET]}" onto public java.lang.String net.sh.rgface.controller.admin.AdminMobileController.reveal(java.lang.String)
16:15:55.724 [restartedMain] INFO  o.s.w.s.m.m.a.RequestMappingHandlerMapping - Mapped "{[/api/admin/personnel/updatePersonnelStatus],methods=[POST]}" onto public net.sh.rgface.po.base.ResultPo net.sh.rgface.controller.admin.AdminPersonnelController.updatePersonnelStatus(net.sh.rgface.vo.BaseVo) throws net.sh.rgface.exception.ControllerException
16:15:55.724 [restartedMain] INFO  o.s.w.s.m.m.a.RequestMappingHandlerMapping - Mapped "{[/api/admin/personnel/updatePersonnelFaceRecognition],methods=[POST]}" onto public net.sh.rgface.po.base.ResultPo net.sh.rgface.controller.admin.AdminPersonnelController.updatePersonnelFaceRecognition(net.sh.rgface.vo.BaseVo) throws net.sh.rgface.exception.ControllerException
16:15:55.724 [restartedMain] INFO  o.s.w.s.m.m.a.RequestMappingHandlerMapping - Mapped "{[/api/admin/personnel/getPersonnelList],methods=[POST]}" onto public net.sh.rgface.po.base.BasePagingListPo net.sh.rgface.controller.admin.AdminPersonnelController.getPersonnelList(java.lang.String,java.lang.String,java.lang.String,java.lang.String,java.lang.String,java.lang.String,javax.servlet.http.HttpSession) throws net.sh.rgface.exception.ControllerException
16:15:55.724 [restartedMain] INFO  o.s.w.s.m.m.a.RequestMappingHandlerMapping - Mapped "{[/api/admin/personnel/updatePersonnel],methods=[POST]}" onto public net.sh.rgface.po.base.ResultPo net.sh.rgface.controller.admin.AdminPersonnelController.updatePersonnel(net.sh.rgface.vo.personnel.PersonnelVo,org.springframework.validation.BindingResult) throws net.sh.rgface.exception.ControllerException
16:15:55.724 [restartedMain] INFO  o.s.w.s.m.m.a.RequestMappingHandlerMapping - Mapped "{[/api/admin/personnel/addPersonnel],methods=[POST]}" onto public net.sh.rgface.po.base.ResultPo net.sh.rgface.controller.admin.AdminPersonnelController.addPersonnel(net.sh.rgface.vo.personnel.PersonnelVo,org.springframework.validation.BindingResult,javax.servlet.http.HttpSession) throws net.sh.rgface.exception.ControllerException
16:15:55.725 [restartedMain] INFO  o.s.w.s.m.m.a.RequestMappingHandlerMapping - Mapped "{[/api/admin/recording/search],methods=[POST]}" onto public void net.sh.rgface.controller.admin.AdminRecordingController.search(net.sh.rgface.vo.search.SearchVo,java.lang.String,java.lang.String) throws net.sh.rgface.exception.ControllerException
16:15:55.725 [restartedMain] INFO  o.s.w.s.m.m.a.RequestMappingHandlerMapping - Mapped "{[/api/admin/recording/getNewestRecordingList],methods=[POST]}" onto public net.sh.rgface.po.base.ResultPo net.sh.rgface.controller.admin.AdminRecordingController.getNewestRecordingList(net.sh.rgface.vo.PagingListVo) throws net.sh.rgface.exception.ControllerException
16:15:55.725 [restartedMain] INFO  o.s.w.s.m.m.a.RequestMappingHandlerMapping - Mapped "{[/api/admin/recording/getRecordingList],methods=[POST]}" onto public net.sh.rgface.po.base.BasePagingListPo net.sh.rgface.controller.admin.AdminRecordingController.getRecordingList(java.lang.String,java.lang.String,java.lang.String,java.lang.String,java.lang.String,java.lang.String) throws net.sh.rgface.exception.ControllerException
16:15:55.726 [restartedMain] INFO  o.s.w.s.m.m.a.RequestMappingHandlerMapping - Mapped "{[/api/admin/log/getNewestRequestLogList],methods=[POST]}" onto public net.sh.rgface.po.base.ResultPo net.sh.rgface.controller.admin.AdminRequestLogController.getNewestRequestLogList()
16:15:55.726 [restartedMain] INFO  o.s.w.s.m.m.a.RequestMappingHandlerMapping - Mapped "{[/api/admin/log/getRequestLogList],methods=[POST]}" onto public net.sh.rgface.po.base.BasePagingListPo net.sh.rgface.controller.admin.AdminRequestLogController.getRequestLogList(java.lang.String,java.lang.String,java.lang.String,java.lang.String,java.lang.String,java.lang.String,javax.servlet.http.HttpSession) throws net.sh.rgface.exception.ControllerException
16:15:55.728 [restartedMain] INFO  o.s.w.s.m.m.a.RequestMappingHandlerMapping - Mapped "{[/api/admin/system/uploadSystemParam],methods=[POST]}" onto public net.sh.rgface.po.base.ResultPo net.sh.rgface.controller.admin.AdminSystemController.uploadSystemParam(net.sh.rgface.vo.system.SystemParamVo,org.springframework.validation.BindingResult,javax.servlet.http.HttpSession) throws net.sh.rgface.exception.ControllerException
16:15:55.728 [restartedMain] INFO  o.s.w.s.m.m.a.RequestMappingHandlerMapping - Mapped "{[/api/admin/system/getSystemTotalOrMsg],methods=[POST]}" onto public net.sh.rgface.po.base.ResultPo net.sh.rgface.controller.admin.AdminSystemController.getSystemTotalOrMsg(javax.servlet.http.HttpSession) throws net.sh.rgface.exception.ControllerException
16:15:55.728 [restartedMain] INFO  o.s.w.s.m.m.a.RequestMappingHandlerMapping - Mapped "{[/api/admin/system/getSystemParams],methods=[POST]}" onto public net.sh.rgface.po.base.ResultPo net.sh.rgface.controller.admin.AdminSystemController.getSystemParams(javax.servlet.http.HttpSession) throws net.sh.rgface.exception.ControllerException
16:15:55.729 [restartedMain] INFO  o.s.w.s.m.m.a.RequestMappingHandlerMapping - Mapped "{[/api/base/getDeviceNameList],methods=[POST]}" onto public net.sh.rgface.po.base.ResultPo net.sh.rgface.controller.Base.BaseController.getDeviceNameList()
16:15:55.729 [restartedMain] INFO  o.s.w.s.m.m.a.RequestMappingHandlerMapping - Mapped "{[/images/{type}/{filename:.+}],methods=[GET]}" onto public org.springframework.http.ResponseEntity<?> net.sh.rgface.controller.Base.FileController.getFile(java.lang.String,java.lang.String)
16:15:55.730 [restartedMain] INFO  o.s.w.s.m.m.a.RequestMappingHandlerMapping - Mapped "{[/api/upload/uploadPersonnelFile]}" onto public net.sh.rgface.po.base.ResultPo net.sh.rgface.controller.Base.UploadController.uploadPersonnelAvatar(org.springframework.web.multipart.MultipartFile,java.lang.String,java.lang.String) throws net.sh.rgface.exception.ControllerException
16:15:55.730 [restartedMain] INFO  o.s.w.s.m.m.a.RequestMappingHandlerMapping - Mapped "{[/api/verification/getVerificationImg],methods=[GET]}" onto public void net.sh.rgface.controller.Base.VerificationController.getVerificationImg(java.lang.String,javax.servlet.http.HttpServletResponse,javax.servlet.http.HttpSession) throws net.sh.rgface.exception.ControllerException,java.io.IOException
16:15:55.731 [restartedMain] INFO  o.s.w.s.m.m.a.RequestMappingHandlerMapping - Mapped "{[/api/personnel/updatePersonnelInfo],methods=[POST]}" onto public net.sh.rgface.po.base.ResultPo net.sh.rgface.controller.personnel.PersonnelController.updatePersonnelInfo(net.sh.rgface.vo.personnel.PersonnelVo,org.springframework.validation.BindingResult,javax.servlet.http.HttpSession) throws net.sh.rgface.exception.ControllerException
16:15:55.731 [restartedMain] INFO  o.s.w.s.m.m.a.RequestMappingHandlerMapping - Mapped "{[/api/personnel/updatePersonnelPassword],methods=[POST]}" onto public net.sh.rgface.po.base.ResultPo net.sh.rgface.controller.personnel.PersonnelController.updatePersonnelPassword(net.sh.rgface.vo.personnel.PersonnelUpdatePasswordVo,org.springframework.validation.BindingResult,javax.servlet.http.HttpSession) throws net.sh.rgface.exception.ControllerException
16:15:55.731 [restartedMain] INFO  o.s.w.s.m.m.a.RequestMappingHandlerMapping - Mapped "{[/api/personnel/login],methods=[POST]}" onto public net.sh.rgface.po.base.ResultPo net.sh.rgface.controller.personnel.PersonnelController.login(net.sh.rgface.vo.personnel.PersonnelLoginVo,org.springframework.validation.BindingResult,javax.servlet.http.HttpSession,javax.servlet.http.HttpServletRequest) throws net.sh.rgface.exception.ControllerException
16:15:55.731 [restartedMain] INFO  o.s.w.s.m.m.a.RequestMappingHandlerMapping - Mapped "{[/api/personnel/logout],methods=[POST]}" onto public net.sh.rgface.po.base.ResultPo net.sh.rgface.controller.personnel.PersonnelController.logout(javax.servlet.http.HttpSession)
16:15:55.731 [restartedMain] INFO  o.s.w.s.m.m.a.RequestMappingHandlerMapping - Mapped "{[/api/personnel/getPersonnelInfo],methods=[POST]}" onto public net.sh.rgface.po.base.ResultPo net.sh.rgface.controller.personnel.PersonnelController.getPersonnelInfo(javax.servlet.http.HttpSession) throws net.sh.rgface.exception.ControllerException
16:15:55.732 [restartedMain] INFO  o.s.w.s.m.m.a.RequestMappingHandlerMapping - Mapped "{[/personnel/],methods=[GET]}" onto public java.lang.String net.sh.rgface.controller.personnel.PersonnelMobileController.faceVideo()
16:15:55.732 [restartedMain] INFO  o.s.w.s.m.m.a.RequestMappingHandlerMapping - Mapped "{[/personnel/{forward}],methods=[GET]}" onto public java.lang.String net.sh.rgface.controller.personnel.PersonnelMobileController.reveal(java.lang.String)
16:15:55.733 [restartedMain] INFO  o.s.w.s.m.m.a.RequestMappingHandlerMapping - Mapped "{[/sh/],methods=[GET]}" onto public java.lang.String net.sh.rgface.controller.user.MobileController.faceVideo()
16:15:55.733 [restartedMain] INFO  o.s.w.s.m.m.a.RequestMappingHandlerMapping - Mapped "{[/sh/{forward}],methods=[GET]}" onto public java.lang.String net.sh.rgface.controller.user.MobileController.reveal(java.lang.String)
16:15:55.733 [restartedMain] INFO  o.s.w.s.m.m.a.RequestMappingHandlerMapping - Mapped "{[/api/user/login],methods=[POST]}" onto public net.sh.rgface.po.base.ResultPo net.sh.rgface.controller.user.UserController.login(net.sh.rgface.vo.UserVo,org.springframework.validation.BindingResult,javax.servlet.http.HttpSession,javax.servlet.http.HttpServletRequest) throws net.sh.rgface.exception.ControllerException
16:15:55.733 [restartedMain] INFO  o.s.w.s.m.m.a.RequestMappingHandlerMapping - Mapped "{[/api/user/getGoOutCount],methods=[POST]}" onto public net.sh.rgface.po.base.ResultPo net.sh.rgface.controller.user.UserController.getGoOutCount()
16:15:55.734 [restartedMain] INFO  o.s.w.s.m.m.a.RequestMappingHandlerMapping - Mapped "{[/api/webTime/getWebTime]}" onto public net.sh.rgface.po.base.ResultPo net.sh.rgface.controller.WebTimeController.getWebTime() throws net.sh.rgface.exception.ControllerException
16:15:55.735 [restartedMain] INFO  o.s.w.s.m.m.a.RequestMappingHandlerMapping - Mapped "{[/error]}" onto public net.sh.rgface.po.base.ResultPo net.sh.rgface.exception.NotFoundException.handleError(javax.servlet.http.HttpServletRequest,javax.servlet.http.HttpServletResponse) throws java.io.IOException
16:15:55.830 [restartedMain] INFO  o.s.w.s.h.SimpleUrlHandlerMapping - Mapped URL path [/sh/static/**] onto handler of type [class org.springframework.web.servlet.resource.ResourceHttpRequestHandler]
16:15:55.830 [restartedMain] INFO  o.s.w.s.h.SimpleUrlHandlerMapping - Mapped URL path [/personnel/static/**] onto handler of type [class org.springframework.web.servlet.resource.ResourceHttpRequestHandler]
16:15:55.830 [restartedMain] INFO  o.s.w.s.h.SimpleUrlHandlerMapping - Mapped URL path [/admin/static/admin/**] onto handler of type [class org.springframework.web.servlet.resource.ResourceHttpRequestHandler]
16:15:55.906 [restartedMain] INFO  o.s.w.s.m.m.a.RequestMappingHandlerAdapter - Looking for @ControllerAdvice: org.springframework.boot.web.servlet.context.AnnotationConfigServletWebServerApplicationContext@8d8da7: startup date [Tue Jul 03 16:15:47 CST 2018]; root of context hierarchy
16:15:56.009 [restartedMain] INFO  o.s.w.s.m.m.a.ExceptionHandlerExceptionResolver - Detected @ExceptionHandler methods in serviceException
16:15:56.622 [restartedMain] WARN  o.s.b.a.o.j.JpaBaseConfiguration$JpaWebConfiguration$JpaWebMvcConfiguration - spring.jpa.open-in-view is enabled by default. Therefore, database queries may be performed during view rendering. Explicitly configure spring.jpa.open-in-view to disable this warning
16:15:56.892 [NioProcessor-2] INFO  n.s.r.config.ApplicationInitRunner -  ------------- 设备已连接-配置端口:20180523
16:15:57.151 [restartedMain] WARN  o.t.templatemode.TemplateMode - [THYMELEAF][restartedMain] Template Mode 'LEGACYHTML5' is deprecated. Using Template Mode 'HTML' instead.
16:15:57.583 [restartedMain] INFO  o.s.b.d.a.OptionalLiveReloadServer - LiveReload server is running on port 35729
16:15:57.660 [restartedMain] INFO  o.s.w.s.s.s.ServerEndpointExporter - Registering @ServerEndpoint class: class net.sh.rgface.serive.faceStream.StreamDataWebSocketService
16:15:57.675 [restartedMain] INFO  o.s.j.e.a.AnnotationMBeanExporter - Registering beans for JMX exposure on startup
16:15:57.676 [restartedMain] INFO  o.s.j.e.a.AnnotationMBeanExporter - Bean with name 'dataSource' has been autodetected for JMX exposure
16:15:57.684 [restartedMain] INFO  o.s.j.e.a.AnnotationMBeanExporter - Located MBean 'dataSource': registering with JMX server as MBean [com.zaxxer.hikari:name=dataSource,type=HikariDataSource]
16:15:57.696 [restartedMain] INFO  o.a.coyote.http11.Http11NioProtocol - Starting ProtocolHandler ["http-nio-8001"]
16:15:57.697 [restartedMain] INFO  o.a.tomcat.util.net.NioSelectorPool - Using a shared selector for servlet write/read
16:15:57.715 [restartedMain] INFO  o.s.b.w.e.tomcat.TomcatWebServer - Tomcat started on port(s): 8001 (http) with context path ''
16:15:57.719 [restartedMain] INFO  net.sh.rgface.RgfaceApplication - Started RgfaceApplication in 10.689 seconds (JVM running for 11.862)
